Compilation failed:
    source file: 'C:/Users/erho/Desktop/ECE 285 GPU Processing/class_labs/Src/cuViolaJones/opencv/sources/cmake/checks/cpu_avx512.cpp'
    check option: '    '
===== BUILD LOG =====
Change Dir: C:/Users/erho/Desktop/ECE 285 GPU Processing/class_labs/Src/cuViolaJones/opencv/build/CMakeFiles/CMakeTmp

Run Build Command:"C:/Program Files (x86)/MSBuild/14.0/bin/MSBuild.exe" "cmTC_1ac23.vcxproj" "/p:Configuration=Debug" "/p:VisualStudioVersion=14.0"
Microsoft (R) Build Engine version 14.0.25123.0
Copyright (C) Microsoft Corporation. All rights reserved.

Build started 6/11/2018 7:50:58 PM.
Project "C:\Users\erho\Desktop\ECE 285 GPU Processing\class_labs\Src\cuViolaJones\opencv\build\CMakeFiles\CMakeTmp\cmTC_1ac23.vcxproj" on node 1 (default targets).
PrepareForBuild:
  Creating directory "cmTC_1ac23.dir\Debug\".
  Creating directory "C:\Users\erho\Desktop\ECE 285 GPU Processing\class_labs\Src\cuViolaJones\opencv\build\CMakeFiles\CMakeTmp\Debug\".
  Creating directory "cmTC_1ac23.dir\Debug\cmTC_1ac23.tlog\".
InitializeBuildStatus:
  Creating "cmTC_1ac23.dir\Debug\cmTC_1ac23.tlog\unsuccessfulbuild" because "AlwaysCreate" was specified.
ClCompile:
  C:\Program Files (x86)\Microsoft Visual Studio 14.0\VC\bin\x86_amd64\CL.exe /c /Zi /W3 /WX- /Od /Ob0 /D WIN32 /D _WINDOWS /D "CMAKE_INTDIR=\"Debug\"" /D _MBCS /Gm- /EHsc /RTC1 /MDd /GS /fp:precise /Zc:wchar_t /Zc:forScope /Zc:inline /GR /Fo"cmTC_1ac23.dir\Debug\\" /Fd"cmTC_1ac23.dir\Debug\vc140.pdb" /Gd /TP /errorReport:queue "C:\Users\erho\Desktop\ECE 285 GPU Processing\class_labs\Src\cuViolaJones\opencv\sources\cmake\checks\cpu_avx512.cpp"
  Microsoft (R) C/C++ Optimizing Compiler Version 19.00.23918 for x64
  Copyright (C) Microsoft Corporation.  All rights reserved.
  
  cl /c /Zi /W3 /WX- /Od /Ob0 /D WIN32 /D _WINDOWS /D "CMAKE_INTDIR=\"Debug\"" /D _MBCS /Gm- /EHsc /RTC1 /MDd /GS /fp:precise /Zc:wchar_t /Zc:forScope /Zc:inline /GR /Fo"cmTC_1ac23.dir\Debug\\" /Fd"cmTC_1ac23.dir\Debug\vc140.pdb" /Gd /TP /errorReport:queue "C:\Users\erho\Desktop\ECE 285 GPU Processing\class_labs\Src\cuViolaJones\opencv\sources\cmake\checks\cpu_avx512.cpp"
  
  cpu_avx512.cpp
C:\Users\erho\Desktop\ECE 285 GPU Processing\class_labs\Src\cuViolaJones\opencv\sources\cmake\checks\cpu_avx512.cpp(8): fatal error C1189: #error:  "AVX512 is not supported" [C:\Users\erho\Desktop\ECE 285 GPU Processing\class_labs\Src\cuViolaJones\opencv\build\CMakeFiles\CMakeTmp\cmTC_1ac23.vcxproj]
Done Building Project "C:\Users\erho\Desktop\ECE 285 GPU Processing\class_labs\Src\cuViolaJones\opencv\build\CMakeFiles\CMakeTmp\cmTC_1ac23.vcxproj" (default targets) -- FAILED.

Build FAILED.

"C:\Users\erho\Desktop\ECE 285 GPU Processing\class_labs\Src\cuViolaJones\opencv\build\CMakeFiles\CMakeTmp\cmTC_1ac23.vcxproj" (default target) (1) ->
(ClCompile target) -> 
  C:\Users\erho\Desktop\ECE 285 GPU Processing\class_labs\Src\cuViolaJones\opencv\sources\cmake\checks\cpu_avx512.cpp(8): fatal error C1189: #error:  "AVX512 is not supported" [C:\Users\erho\Desktop\ECE 285 GPU Processing\class_labs\Src\cuViolaJones\opencv\build\CMakeFiles\CMakeTmp\cmTC_1ac23.vcxproj]

    0 Warning(s)
    1 Error(s)

Time Elapsed 00:00:00.31

===== END =====

Compilation failed:
    source file: 'C:/Users/erho/Desktop/ECE 285 GPU Processing/class_labs/Src/cuViolaJones/opencv/sources/cmake/checks/cpu_avx512skx.cpp'
    check option: '    '
===== BUILD LOG =====
Change Dir: C:/Users/erho/Desktop/ECE 285 GPU Processing/class_labs/Src/cuViolaJones/opencv/build/CMakeFiles/CMakeTmp

Run Build Command:"C:/Program Files (x86)/MSBuild/14.0/bin/MSBuild.exe" "cmTC_fc652.vcxproj" "/p:Configuration=Debug" "/p:VisualStudioVersion=14.0"
Microsoft (R) Build Engine version 14.0.25123.0
Copyright (C) Microsoft Corporation. All rights reserved.

Build started 6/11/2018 7:50:59 PM.
Project "C:\Users\erho\Desktop\ECE 285 GPU Processing\class_labs\Src\cuViolaJones\opencv\build\CMakeFiles\CMakeTmp\cmTC_fc652.vcxproj" on node 1 (default targets).
PrepareForBuild:
  Creating directory "cmTC_fc652.dir\Debug\".
  Creating directory "C:\Users\erho\Desktop\ECE 285 GPU Processing\class_labs\Src\cuViolaJones\opencv\build\CMakeFiles\CMakeTmp\Debug\".
  Creating directory "cmTC_fc652.dir\Debug\cmTC_fc652.tlog\".
InitializeBuildStatus:
  Creating "cmTC_fc652.dir\Debug\cmTC_fc652.tlog\unsuccessfulbuild" because "AlwaysCreate" was specified.
ClCompile:
  C:\Program Files (x86)\Microsoft Visual Studio 14.0\VC\bin\x86_amd64\CL.exe /c /Zi /W3 /WX- /Od /Ob0 /D WIN32 /D _WINDOWS /D "CMAKE_INTDIR=\"Debug\"" /D _MBCS /Gm- /EHsc /RTC1 /MDd /GS /fp:precise /Zc:wchar_t /Zc:forScope /Zc:inline /GR /Fo"cmTC_fc652.dir\Debug\\" /Fd"cmTC_fc652.dir\Debug\vc140.pdb" /Gd /TP /errorReport:queue "C:\Users\erho\Desktop\ECE 285 GPU Processing\class_labs\Src\cuViolaJones\opencv\sources\cmake\checks\cpu_avx512skx.cpp"
  Microsoft (R) C/C++ Optimizing Compiler Version 19.00.23918 for x64
  Copyright (C) Microsoft Corporation.  All rights reserved.
  
  cl /c /Zi /W3 /WX- /Od /Ob0 /D WIN32 /D _WINDOWS /D "CMAKE_INTDIR=\"Debug\"" /D _MBCS /Gm- /EHsc /RTC1 /MDd /GS /fp:precise /Zc:wchar_t /Zc:forScope /Zc:inline /GR /Fo"cmTC_fc652.dir\Debug\\" /Fd"cmTC_fc652.dir\Debug\vc140.pdb" /Gd /TP /errorReport:queue "C:\Users\erho\Desktop\ECE 285 GPU Processing\class_labs\Src\cuViolaJones\opencv\sources\cmake\checks\cpu_avx512skx.cpp"
  
  cpu_avx512skx.cpp
C:\Users\erho\Desktop\ECE 285 GPU Processing\class_labs\Src\cuViolaJones\opencv\sources\cmake\checks\cpu_avx512skx.cpp(12): fatal error C1189: #error:  "AVX512-SKX is not supported" [C:\Users\erho\Desktop\ECE 285 GPU Processing\class_labs\Src\cuViolaJones\opencv\build\CMakeFiles\CMakeTmp\cmTC_fc652.vcxproj]
Done Building Project "C:\Users\erho\Desktop\ECE 285 GPU Processing\class_labs\Src\cuViolaJones\opencv\build\CMakeFiles\CMakeTmp\cmTC_fc652.vcxproj" (default targets) -- FAILED.

Build FAILED.

"C:\Users\erho\Desktop\ECE 285 GPU Processing\class_labs\Src\cuViolaJones\opencv\build\CMakeFiles\CMakeTmp\cmTC_fc652.vcxproj" (default target) (1) ->
(ClCompile target) -> 
  C:\Users\erho\Desktop\ECE 285 GPU Processing\class_labs\Src\cuViolaJones\opencv\sources\cmake\checks\cpu_avx512skx.cpp(12): fatal error C1189: #error:  "AVX512-SKX is not supported" [C:\Users\erho\Desktop\ECE 285 GPU Processing\class_labs\Src\cuViolaJones\opencv\build\CMakeFiles\CMakeTmp\cmTC_fc652.vcxproj]

    0 Warning(s)
    1 Error(s)

Time Elapsed 00:00:00.31

===== END =====

Determining if the function fseeko exists failed with the following output:
Change Dir: C:/Users/erho/Desktop/ECE 285 GPU Processing/class_labs/Src/cuViolaJones/opencv/build/CMakeFiles/CMakeTmp

Run Build Command:"C:/Program Files (x86)/MSBuild/14.0/bin/MSBuild.exe" "cmTC_dad3f.vcxproj" "/p:Configuration=Debug" "/p:VisualStudioVersion=14.0"
Microsoft (R) Build Engine version 14.0.25123.0
Copyright (C) Microsoft Corporation. All rights reserved.

Build started 6/11/2018 7:51:06 PM.
Project "C:\Users\erho\Desktop\ECE 285 GPU Processing\class_labs\Src\cuViolaJones\opencv\build\CMakeFiles\CMakeTmp\cmTC_dad3f.vcxproj" on node 1 (default targets).
PrepareForBuild:
  Creating directory "cmTC_dad3f.dir\Debug\".
  Creating directory "C:\Users\erho\Desktop\ECE 285 GPU Processing\class_labs\Src\cuViolaJones\opencv\build\CMakeFiles\CMakeTmp\Debug\".
  Creating directory "cmTC_dad3f.dir\Debug\cmTC_dad3f.tlog\".
InitializeBuildStatus:
  Creating "cmTC_dad3f.dir\Debug\cmTC_dad3f.tlog\unsuccessfulbuild" because "AlwaysCreate" was specified.
ClCompile:
  C:\Program Files (x86)\Microsoft Visual Studio 14.0\VC\bin\x86_amd64\CL.exe /c /Zi /W3 /WX- /MP8 /Od /Ob0 /Oi /D WIN32 /D _WINDOWS /D _CRT_SECURE_NO_DEPRECATE /D _CRT_NONSTDC_NO_DEPRECATE /D _SCL_SECURE_NO_WARNINGS /D CHECK_FUNCTION_EXISTS=fseeko /D "CMAKE_INTDIR=\"Debug\"" /D _MBCS /Gm- /RTC1 /MDd /GS /Gy /fp:precise /Zc:wchar_t /Zc:forScope /Zc:inline /Fo"cmTC_dad3f.dir\Debug\\" /Fd"cmTC_dad3f.dir\Debug\vc140.pdb" /Gd /TC /errorReport:queue  /bigobj "C:\Program Files\CMake\share\cmake-3.10\Modules\CheckFunctionExists.c"
  Microsoft (R) C/C++ Optimizing Compiler Version 19.00.23918 for x64
  Copyright (C) Microsoft Corporation.  All rights reserved.
  
  cl /c /Zi /W3 /WX- /MP8 /Od /Ob0 /Oi /D WIN32 /D _WINDOWS /D _CRT_SECURE_NO_DEPRECATE /D _CRT_NONSTDC_NO_DEPRECATE /D _SCL_SECURE_NO_WARNINGS /D CHECK_FUNCTION_EXISTS=fseeko /D "CMAKE_INTDIR=\"Debug\"" /D _MBCS /Gm- /RTC1 /MDd /GS /Gy /fp:precise /Zc:wchar_t /Zc:forScope /Zc:inline /Fo"cmTC_dad3f.dir\Debug\\" /Fd"cmTC_dad3f.dir\Debug\vc140.pdb" /Gd /TC /errorReport:queue  /bigobj "C:\Program Files\CMake\share\cmake-3.10\Modules\CheckFunctionExists.c"
  
  CheckFunctionExists.c
Link:
  C:\Program Files (x86)\Microsoft Visual Studio 14.0\VC\bin\x86_amd64\link.exe /ERRORREPORT:QUEUE /OUT:"C:\Users\erho\Desktop\ECE 285 GPU Processing\class_labs\Src\cuViolaJones\opencv\build\CMakeFiles\CMakeTmp\Debug\cmTC_dad3f.exe" /INCREMENTAL /NOLOGO kernel32.lib user32.lib gdi32.lib winspool.lib shell32.lib ole32.lib oleaut32.lib uuid.lib comdlg32.lib advapi32.lib /MANIFEST /MANIFESTUAC:"level='asInvoker' uiAccess='false'" /manifest:embed /DEBUG /PDB:"C:/Users/erho/Desktop/ECE 285 GPU Processing/class_labs/Src/cuViolaJones/opencv/build/CMakeFiles/CMakeTmp/Debug/cmTC_dad3f.pdb" /SUBSYSTEM:CONSOLE /TLBID:1 /DYNAMICBASE /NXCOMPAT /IMPLIB:"C:/Users/erho/Desktop/ECE 285 GPU Processing/class_labs/Src/cuViolaJones/opencv/build/CMakeFiles/CMakeTmp/Debug/cmTC_dad3f.lib" /MACHINE:X64  /machine:x64 cmTC_dad3f.dir\Debug\CheckFunctionExists.obj
CheckFunctionExists.obj : error LNK2019: unresolved external symbol fseeko referenced in function main [C:\Users\erho\Desktop\ECE 285 GPU Processing\class_labs\Src\cuViolaJones\opencv\build\CMakeFiles\CMakeTmp\cmTC_dad3f.vcxproj]
C:\Users\erho\Desktop\ECE 285 GPU Processing\class_labs\Src\cuViolaJones\opencv\build\CMakeFiles\CMakeTmp\Debug\cmTC_dad3f.exe : fatal error LNK1120: 1 unresolved externals [C:\Users\erho\Desktop\ECE 285 GPU Processing\class_labs\Src\cuViolaJones\opencv\build\CMakeFiles\CMakeTmp\cmTC_dad3f.vcxproj]
Done Building Project "C:\Users\erho\Desktop\ECE 285 GPU Processing\class_labs\Src\cuViolaJones\opencv\build\CMakeFiles\CMakeTmp\cmTC_dad3f.vcxproj" (default targets) -- FAILED.

Build FAILED.

"C:\Users\erho\Desktop\ECE 285 GPU Processing\class_labs\Src\cuViolaJones\opencv\build\CMakeFiles\CMakeTmp\cmTC_dad3f.vcxproj" (default target) (1) ->
(Link target) -> 
  CheckFunctionExists.obj : error LNK2019: unresolved external symbol fseeko referenced in function main [C:\Users\erho\Desktop\ECE 285 GPU Processing\class_labs\Src\cuViolaJones\opencv\build\CMakeFiles\CMakeTmp\cmTC_dad3f.vcxproj]
  C:\Users\erho\Desktop\ECE 285 GPU Processing\class_labs\Src\cuViolaJones\opencv\build\CMakeFiles\CMakeTmp\Debug\cmTC_dad3f.exe : fatal error LNK1120: 1 unresolved externals [C:\Users\erho\Desktop\ECE 285 GPU Processing\class_labs\Src\cuViolaJones\opencv\build\CMakeFiles\CMakeTmp\cmTC_dad3f.vcxproj]

    0 Warning(s)
    2 Error(s)

Time Elapsed 00:00:00.44


Determining size of off64_t failed with the following output:
Change Dir: C:/Users/erho/Desktop/ECE 285 GPU Processing/class_labs/Src/cuViolaJones/opencv/build/CMakeFiles/CMakeTmp

Run Build Command:"C:/Program Files (x86)/MSBuild/14.0/bin/MSBuild.exe" "cmTC_f0761.vcxproj" "/p:Configuration=Debug" "/p:VisualStudioVersion=14.0"
Microsoft (R) Build Engine version 14.0.25123.0
Copyright (C) Microsoft Corporation. All rights reserved.

Build started 6/11/2018 7:51:07 PM.
Project "C:\Users\erho\Desktop\ECE 285 GPU Processing\class_labs\Src\cuViolaJones\opencv\build\CMakeFiles\CMakeTmp\cmTC_f0761.vcxproj" on node 1 (default targets).
PrepareForBuild:
  Creating directory "cmTC_f0761.dir\Debug\".
  Creating directory "C:\Users\erho\Desktop\ECE 285 GPU Processing\class_labs\Src\cuViolaJones\opencv\build\CMakeFiles\CMakeTmp\Debug\".
  Creating directory "cmTC_f0761.dir\Debug\cmTC_f0761.tlog\".
InitializeBuildStatus:
  Creating "cmTC_f0761.dir\Debug\cmTC_f0761.tlog\unsuccessfulbuild" because "AlwaysCreate" was specified.
ClCompile:
  C:\Program Files (x86)\Microsoft Visual Studio 14.0\VC\bin\x86_amd64\CL.exe /c /Zi /W3 /WX- /MP8 /Od /Ob0 /Oi /D WIN32 /D _WINDOWS /D _CRT_SECURE_NO_DEPRECATE /D _CRT_NONSTDC_NO_DEPRECATE /D _SCL_SECURE_NO_WARNINGS /D "CMAKE_INTDIR=\"Debug\"" /D _MBCS /Gm- /RTC1 /MDd /GS /Gy /fp:precise /Zc:wchar_t /Zc:forScope /Zc:inline /Fo"cmTC_f0761.dir\Debug\\" /Fd"cmTC_f0761.dir\Debug\vc140.pdb" /Gd /TC /errorReport:queue  /bigobj "C:\Users\erho\Desktop\ECE 285 GPU Processing\class_labs\Src\cuViolaJones\opencv\build\CMakeFiles\CheckTypeSize\OFF64_T.c"
  Microsoft (R) C/C++ Optimizing Compiler Version 19.00.23918 for x64
  Copyright (C) Microsoft Corporation.  All rights reserved.
  
  cl /c /Zi /W3 /WX- /MP8 /Od /Ob0 /Oi /D WIN32 /D _WINDOWS /D _CRT_SECURE_NO_DEPRECATE /D _CRT_NONSTDC_NO_DEPRECATE /D _SCL_SECURE_NO_WARNINGS /D "CMAKE_INTDIR=\"Debug\"" /D _MBCS /Gm- /RTC1 /MDd /GS /Gy /fp:precise /Zc:wchar_t /Zc:forScope /Zc:inline /Fo"cmTC_f0761.dir\Debug\\" /Fd"cmTC_f0761.dir\Debug\vc140.pdb" /Gd /TC /errorReport:queue  /bigobj "C:\Users\erho\Desktop\ECE 285 GPU Processing\class_labs\Src\cuViolaJones\opencv\build\CMakeFiles\CheckTypeSize\OFF64_T.c"
  
  OFF64_T.c
C:\Users\erho\Desktop\ECE 285 GPU Processing\class_labs\Src\cuViolaJones\opencv\build\CMakeFiles\CheckTypeSize\OFF64_T.c(25): error C2065: 'off64_t': undeclared identifier [C:\Users\erho\Desktop\ECE 285 GPU Processing\class_labs\Src\cuViolaJones\opencv\build\CMakeFiles\CMakeTmp\cmTC_f0761.vcxproj]
C:\Users\erho\Desktop\ECE 285 GPU Processing\class_labs\Src\cuViolaJones\opencv\build\CMakeFiles\CheckTypeSize\OFF64_T.c(26): error C2065: 'off64_t': undeclared identifier [C:\Users\erho\Desktop\ECE 285 GPU Processing\class_labs\Src\cuViolaJones\opencv\build\CMakeFiles\CMakeTmp\cmTC_f0761.vcxproj]
C:\Users\erho\Desktop\ECE 285 GPU Processing\class_labs\Src\cuViolaJones\opencv\build\CMakeFiles\CheckTypeSize\OFF64_T.c(27): error C2065: 'off64_t': undeclared identifier [C:\Users\erho\Desktop\ECE 285 GPU Processing\class_labs\Src\cuViolaJones\opencv\build\CMakeFiles\CMakeTmp\cmTC_f0761.vcxproj]
C:\Users\erho\Desktop\ECE 285 GPU Processing\class_labs\Src\cuViolaJones\opencv\build\CMakeFiles\CheckTypeSize\OFF64_T.c(28): error C2065: 'off64_t': undeclared identifier [C:\Users\erho\Desktop\ECE 285 GPU Processing\class_labs\Src\cuViolaJones\opencv\build\CMakeFiles\CMakeTmp\cmTC_f0761.vcxproj]
C:\Users\erho\Desktop\ECE 285 GPU Processing\class_labs\Src\cuViolaJones\opencv\build\CMakeFiles\CheckTypeSize\OFF64_T.c(29): error C2065: 'off64_t': undeclared identifier [C:\Users\erho\Desktop\ECE 285 GPU Processing\class_labs\Src\cuViolaJones\opencv\build\CMakeFiles\CMakeTmp\cmTC_f0761.vcxproj]
Done Building Project "C:\Users\erho\Desktop\ECE 285 GPU Processing\class_labs\Src\cuViolaJones\opencv\build\CMakeFiles\CMakeTmp\cmTC_f0761.vcxproj" (default targets) -- FAILED.

Build FAILED.

"C:\Users\erho\Desktop\ECE 285 GPU Processing\class_labs\Src\cuViolaJones\opencv\build\CMakeFiles\CMakeTmp\cmTC_f0761.vcxproj" (default target) (1) ->
(ClCompile target) -> 
  C:\Users\erho\Desktop\ECE 285 GPU Processing\class_labs\Src\cuViolaJones\opencv\build\CMakeFiles\CheckTypeSize\OFF64_T.c(25): error C2065: 'off64_t': undeclared identifier [C:\Users\erho\Desktop\ECE 285 GPU Processing\class_labs\Src\cuViolaJones\opencv\build\CMakeFiles\CMakeTmp\cmTC_f0761.vcxproj]
  C:\Users\erho\Desktop\ECE 285 GPU Processing\class_labs\Src\cuViolaJones\opencv\build\CMakeFiles\CheckTypeSize\OFF64_T.c(26): error C2065: 'off64_t': undeclared identifier [C:\Users\erho\Desktop\ECE 285 GPU Processing\class_labs\Src\cuViolaJones\opencv\build\CMakeFiles\CMakeTmp\cmTC_f0761.vcxproj]
  C:\Users\erho\Desktop\ECE 285 GPU Processing\class_labs\Src\cuViolaJones\opencv\build\CMakeFiles\CheckTypeSize\OFF64_T.c(27): error C2065: 'off64_t': undeclared identifier [C:\Users\erho\Desktop\ECE 285 GPU Processing\class_labs\Src\cuViolaJones\opencv\build\CMakeFiles\CMakeTmp\cmTC_f0761.vcxproj]
  C:\Users\erho\Desktop\ECE 285 GPU Processing\class_labs\Src\cuViolaJones\opencv\build\CMakeFiles\CheckTypeSize\OFF64_T.c(28): error C2065: 'off64_t': undeclared identifier [C:\Users\erho\Desktop\ECE 285 GPU Processing\class_labs\Src\cuViolaJones\opencv\build\CMakeFiles\CMakeTmp\cmTC_f0761.vcxproj]
  C:\Users\erho\Desktop\ECE 285 GPU Processing\class_labs\Src\cuViolaJones\opencv\build\CMakeFiles\CheckTypeSize\OFF64_T.c(29): error C2065: 'off64_t': undeclared identifier [C:\Users\erho\Desktop\ECE 285 GPU Processing\class_labs\Src\cuViolaJones\opencv\build\CMakeFiles\CMakeTmp\cmTC_f0761.vcxproj]

    0 Warning(s)
    5 Error(s)

Time Elapsed 00:00:00.31

C:/Users/erho/Desktop/ECE 285 GPU Processing/class_labs/Src/cuViolaJones/opencv/build/CMakeFiles/CheckTypeSize/OFF64_T.c:
#include <sys/types.h>
#include <stdint.h>
#include <stddef.h>


#undef KEY
#if defined(__i386)
# define KEY '_','_','i','3','8','6'
#elif defined(__x86_64)
# define KEY '_','_','x','8','6','_','6','4'
#elif defined(__ppc__)
# define KEY '_','_','p','p','c','_','_'
#elif defined(__ppc64__)
# define KEY '_','_','p','p','c','6','4','_','_'
#elif defined(__aarch64__)
# define KEY '_','_','a','a','r','c','h','6','4','_','_'
#elif defined(__ARM_ARCH_7A__)
# define KEY '_','_','A','R','M','_','A','R','C','H','_','7','A','_','_'
#elif defined(__ARM_ARCH_7S__)
# define KEY '_','_','A','R','M','_','A','R','C','H','_','7','S','_','_'
#endif

#define SIZE (sizeof(off64_t))
char info_size[] =  {'I', 'N', 'F', 'O', ':', 's','i','z','e','[',
  ('0' + ((SIZE / 10000)%10)),
  ('0' + ((SIZE / 1000)%10)),
  ('0' + ((SIZE / 100)%10)),
  ('0' + ((SIZE / 10)%10)),
  ('0' +  (SIZE    % 10)),
  ']',
#ifdef KEY
  ' ','k','e','y','[', KEY, ']',
#endif
  '\0'};

#ifdef __CLASSIC_C__
int main(argc, argv) int argc; char *argv[];
#else
int main(int argc, char *argv[])
#endif
{
  int require = 0;
  require += info_size[argc];
  (void)argv;
  return require;
}


Determining if the function strcasecmp exists failed with the following output:
Change Dir: C:/Users/erho/Desktop/ECE 285 GPU Processing/class_labs/Src/cuViolaJones/opencv/build/CMakeFiles/CMakeTmp

Run Build Command:"C:/Program Files (x86)/MSBuild/14.0/bin/MSBuild.exe" "cmTC_3ed9f.vcxproj" "/p:Configuration=Debug" "/p:VisualStudioVersion=14.0"
Microsoft (R) Build Engine version 14.0.25123.0
Copyright (C) Microsoft Corporation. All rights reserved.

Build started 6/11/2018 7:51:22 PM.
Project "C:\Users\erho\Desktop\ECE 285 GPU Processing\class_labs\Src\cuViolaJones\opencv\build\CMakeFiles\CMakeTmp\cmTC_3ed9f.vcxproj" on node 1 (default targets).
PrepareForBuild:
  Creating directory "cmTC_3ed9f.dir\Debug\".
  Creating directory "C:\Users\erho\Desktop\ECE 285 GPU Processing\class_labs\Src\cuViolaJones\opencv\build\CMakeFiles\CMakeTmp\Debug\".
  Creating directory "cmTC_3ed9f.dir\Debug\cmTC_3ed9f.tlog\".
InitializeBuildStatus:
  Creating "cmTC_3ed9f.dir\Debug\cmTC_3ed9f.tlog\unsuccessfulbuild" because "AlwaysCreate" was specified.
ClCompile:
  C:\Program Files (x86)\Microsoft Visual Studio 14.0\VC\bin\x86_amd64\CL.exe /c /Zi /W3 /WX- /MP8 /Od /Ob0 /Oi /D WIN32 /D _WINDOWS /D _CRT_SECURE_NO_DEPRECATE /D _CRT_NONSTDC_NO_DEPRECATE /D _SCL_SECURE_NO_WARNINGS /D CHECK_FUNCTION_EXISTS=strcasecmp /D "CMAKE_INTDIR=\"Debug\"" /D _MBCS /Gm- /RTC1 /MDd /GS /Gy /fp:precise /Zc:wchar_t /Zc:forScope /Zc:inline /Fo"cmTC_3ed9f.dir\Debug\\" /Fd"cmTC_3ed9f.dir\Debug\vc140.pdb" /Gd /TC /errorReport:queue  /bigobj "C:\Program Files\CMake\share\cmake-3.10\Modules\CheckFunctionExists.c"
  Microsoft (R) C/C++ Optimizing Compiler Version 19.00.23918 for x64
  Copyright (C) Microsoft Corporation.  All rights reserved.
  
  cl /c /Zi /W3 /WX- /MP8 /Od /Ob0 /Oi /D WIN32 /D _WINDOWS /D _CRT_SECURE_NO_DEPRECATE /D _CRT_NONSTDC_NO_DEPRECATE /D _SCL_SECURE_NO_WARNINGS /D CHECK_FUNCTION_EXISTS=strcasecmp /D "CMAKE_INTDIR=\"Debug\"" /D _MBCS /Gm- /RTC1 /MDd /GS /Gy /fp:precise /Zc:wchar_t /Zc:forScope /Zc:inline /Fo"cmTC_3ed9f.dir\Debug\\" /Fd"cmTC_3ed9f.dir\Debug\vc140.pdb" /Gd /TC /errorReport:queue  /bigobj "C:\Program Files\CMake\share\cmake-3.10\Modules\CheckFunctionExists.c"
  
  CheckFunctionExists.c
Link:
  C:\Program Files (x86)\Microsoft Visual Studio 14.0\VC\bin\x86_amd64\link.exe /ERRORREPORT:QUEUE /OUT:"C:\Users\erho\Desktop\ECE 285 GPU Processing\class_labs\Src\cuViolaJones\opencv\build\CMakeFiles\CMakeTmp\Debug\cmTC_3ed9f.exe" /INCREMENTAL /NOLOGO kernel32.lib user32.lib gdi32.lib winspool.lib shell32.lib ole32.lib oleaut32.lib uuid.lib comdlg32.lib advapi32.lib /MANIFEST /MANIFESTUAC:"level='asInvoker' uiAccess='false'" /manifest:embed /DEBUG /PDB:"C:/Users/erho/Desktop/ECE 285 GPU Processing/class_labs/Src/cuViolaJones/opencv/build/CMakeFiles/CMakeTmp/Debug/cmTC_3ed9f.pdb" /SUBSYSTEM:CONSOLE /TLBID:1 /DYNAMICBASE /NXCOMPAT /IMPLIB:"C:/Users/erho/Desktop/ECE 285 GPU Processing/class_labs/Src/cuViolaJones/opencv/build/CMakeFiles/CMakeTmp/Debug/cmTC_3ed9f.lib" /MACHINE:X64  /machine:x64 cmTC_3ed9f.dir\Debug\CheckFunctionExists.obj
CheckFunctionExists.obj : error LNK2019: unresolved external symbol strcasecmp referenced in function main [C:\Users\erho\Desktop\ECE 285 GPU Processing\class_labs\Src\cuViolaJones\opencv\build\CMakeFiles\CMakeTmp\cmTC_3ed9f.vcxproj]
C:\Users\erho\Desktop\ECE 285 GPU Processing\class_labs\Src\cuViolaJones\opencv\build\CMakeFiles\CMakeTmp\Debug\cmTC_3ed9f.exe : fatal error LNK1120: 1 unresolved externals [C:\Users\erho\Desktop\ECE 285 GPU Processing\class_labs\Src\cuViolaJones\opencv\build\CMakeFiles\CMakeTmp\cmTC_3ed9f.vcxproj]
Done Building Project "C:\Users\erho\Desktop\ECE 285 GPU Processing\class_labs\Src\cuViolaJones\opencv\build\CMakeFiles\CMakeTmp\cmTC_3ed9f.vcxproj" (default targets) -- FAILED.

Build FAILED.

"C:\Users\erho\Desktop\ECE 285 GPU Processing\class_labs\Src\cuViolaJones\opencv\build\CMakeFiles\CMakeTmp\cmTC_3ed9f.vcxproj" (default target) (1) ->
(Link target) -> 
  CheckFunctionExists.obj : error LNK2019: unresolved external symbol strcasecmp referenced in function main [C:\Users\erho\Desktop\ECE 285 GPU Processing\class_labs\Src\cuViolaJones\opencv\build\CMakeFiles\CMakeTmp\cmTC_3ed9f.vcxproj]
  C:\Users\erho\Desktop\ECE 285 GPU Processing\class_labs\Src\cuViolaJones\opencv\build\CMakeFiles\CMakeTmp\Debug\cmTC_3ed9f.exe : fatal error LNK1120: 1 unresolved externals [C:\Users\erho\Desktop\ECE 285 GPU Processing\class_labs\Src\cuViolaJones\opencv\build\CMakeFiles\CMakeTmp\cmTC_3ed9f.vcxproj]

    0 Warning(s)
    2 Error(s)

Time Elapsed 00:00:00.44


Determining if the include file pthread.h exists failed with the following output:
Change Dir: C:/Users/erho/Desktop/ECE 285 GPU Processing/class_labs/Src/cuViolaJones/opencv/build/CMakeFiles/CMakeTmp

Run Build Command:"C:/Program Files (x86)/MSBuild/14.0/bin/MSBuild.exe" "cmTC_d691a.vcxproj" "/p:Configuration=Debug" "/p:VisualStudioVersion=14.0"
Microsoft (R) Build Engine version 14.0.25123.0
Copyright (C) Microsoft Corporation. All rights reserved.

Build started 6/11/2018 7:51:34 PM.
Project "C:\Users\erho\Desktop\ECE 285 GPU Processing\class_labs\Src\cuViolaJones\opencv\build\CMakeFiles\CMakeTmp\cmTC_d691a.vcxproj" on node 1 (default targets).
PrepareForBuild:
  Creating directory "cmTC_d691a.dir\Debug\".
  Creating directory "C:\Users\erho\Desktop\ECE 285 GPU Processing\class_labs\Src\cuViolaJones\opencv\build\CMakeFiles\CMakeTmp\Debug\".
  Creating directory "cmTC_d691a.dir\Debug\cmTC_d691a.tlog\".
InitializeBuildStatus:
  Creating "cmTC_d691a.dir\Debug\cmTC_d691a.tlog\unsuccessfulbuild" because "AlwaysCreate" was specified.
ClCompile:
  C:\Program Files (x86)\Microsoft Visual Studio 14.0\VC\bin\x86_amd64\CL.exe /c /Zi /W3 /WX- /MP8 /Od /Ob0 /Oi /D WIN32 /D _WINDOWS /D _CRT_SECURE_NO_DEPRECATE /D _CRT_NONSTDC_NO_DEPRECATE /D _SCL_SECURE_NO_WARNINGS /D "CMAKE_INTDIR=\"Debug\"" /D _MBCS /Gm- /RTC1 /MDd /GS /Gy /fp:precise /Zc:wchar_t /Zc:forScope /Zc:inline /Fo"cmTC_d691a.dir\Debug\\" /Fd"cmTC_d691a.dir\Debug\vc140.pdb" /Gd /TC /errorReport:queue  /bigobj "C:\Users\erho\Desktop\ECE 285 GPU Processing\class_labs\Src\cuViolaJones\opencv\build\CMakeFiles\CMakeTmp\CheckIncludeFile.c"
  Microsoft (R) C/C++ Optimizing Compiler Version 19.00.23918 for x64
  Copyright (C) Microsoft Corporation.  All rights reserved.
  
  cl /c /Zi /W3 /WX- /MP8 /Od /Ob0 /Oi /D WIN32 /D _WINDOWS /D _CRT_SECURE_NO_DEPRECATE /D _CRT_NONSTDC_NO_DEPRECATE /D _SCL_SECURE_NO_WARNINGS /D "CMAKE_INTDIR=\"Debug\"" /D _MBCS /Gm- /RTC1 /MDd /GS /Gy /fp:precise /Zc:wchar_t /Zc:forScope /Zc:inline /Fo"cmTC_d691a.dir\Debug\\" /Fd"cmTC_d691a.dir\Debug\vc140.pdb" /Gd /TC /errorReport:queue  /bigobj "C:\Users\erho\Desktop\ECE 285 GPU Processing\class_labs\Src\cuViolaJones\opencv\build\CMakeFiles\CMakeTmp\CheckIncludeFile.c"
  
  CheckIncludeFile.c
C:\Users\erho\Desktop\ECE 285 GPU Processing\class_labs\Src\cuViolaJones\opencv\build\CMakeFiles\CMakeTmp\CheckIncludeFile.c(1): fatal error C1083: Cannot open include file: 'pthread.h': No such file or directory [C:\Users\erho\Desktop\ECE 285 GPU Processing\class_labs\Src\cuViolaJones\opencv\build\CMakeFiles\CMakeTmp\cmTC_d691a.vcxproj]
Done Building Project "C:\Users\erho\Desktop\ECE 285 GPU Processing\class_labs\Src\cuViolaJones\opencv\build\CMakeFiles\CMakeTmp\cmTC_d691a.vcxproj" (default targets) -- FAILED.

Build FAILED.

"C:\Users\erho\Desktop\ECE 285 GPU Processing\class_labs\Src\cuViolaJones\opencv\build\CMakeFiles\CMakeTmp\cmTC_d691a.vcxproj" (default target) (1) ->
(ClCompile target) -> 
  C:\Users\erho\Desktop\ECE 285 GPU Processing\class_labs\Src\cuViolaJones\opencv\build\CMakeFiles\CMakeTmp\CheckIncludeFile.c(1): fatal error C1083: Cannot open include file: 'pthread.h': No such file or directory [C:\Users\erho\Desktop\ECE 285 GPU Processing\class_labs\Src\cuViolaJones\opencv\build\CMakeFiles\CMakeTmp\cmTC_d691a.vcxproj]

    0 Warning(s)
    1 Error(s)

Time Elapsed 00:00:00.31


